[debug] [2019-03-13T15:36:28.235Z] ----------------------------------------------------------------------
[debug] [2019-03-13T15:36:28.338Z] Command:       C:\Program Files\nodejs\node.exe C:\Users\shalom\AppData\Roaming\npm\node_modules\firebase-tools\lib\bin\firebase.js deploy --only functions
[debug] [2019-03-13T15:36:28.338Z] CLI Version:   6.4.0
[debug] [2019-03-13T15:36:28.338Z] Platform:      win32
[debug] [2019-03-13T15:36:28.339Z] Node Version:  v10.15.0
[debug] [2019-03-13T15:36:28.949Z] Time:          Wed Mar 13 2019 16:36:28 GMT+0100 (West Africa Standard Time)
[debug] [2019-03-13T15:36:28.949Z] ----------------------------------------------------------------------
[debug] 
[debug] [2019-03-13T15:36:29.381Z] > command requires scopes: ["email","openid","https://www.googleapis.com/auth/cloudplatformprojects.readonly","https://www.googleapis.com/auth/firebase","https://www.googleapis.com/auth/cloud-platform"]
[debug] [2019-03-13T15:36:29.382Z] > authorizing via signed-in user
[debug] [2019-03-13T15:36:29.383Z] [iam] checking project club-membership-87748 for permissions ["cloudfunctions.functions.create","cloudfunctions.functions.delete","cloudfunctions.functions.get","cloudfunctions.functions.list","cloudfunctions.functions.update","cloudfunctions.operations.get","firebase.projects.get"]
[debug] [2019-03-13T15:36:29.389Z] > refreshing access token with scopes: ["email","https://www.googleapis.com/auth/cloud-platform","https://www.googleapis.com/auth/cloudplatformprojects.readonly","https://www.googleapis.com/auth/firebase","openid"]
[debug] [2019-03-13T15:36:29.390Z] >>> HTTP REQUEST POST https://www.googleapis.com/oauth2/v3/token  
 <request body omitted>
[debug] [2019-03-13T15:36:32.523Z] <<< HTTP RESPONSE 200
[debug] [2019-03-13T15:36:33.275Z] >>> HTTP REQUEST POST https://cloudresourcemanager.googleapis.com/v1/projects/club-membership-87748:testIamPermissions  

[debug] [2019-03-13T15:36:36.022Z] <<< HTTP RESPONSE 200
[info] 
[info] === Deploying to 'club-membership-87748'...
[info] 
[info] i  deploying functions
[info] Running command: npm --prefix "$RESOURCE_DIR" run lint
